{"/Users/marina/work/Movie-app/src/App.tsx": {"path":"/Users/marina/work/Movie-app/src/App.tsx","statementMap":{"0":{"start":{"line":1,"column":0},"end":{"line":1,"column":26}},"1":{"start":{"line":3,"column":22},"end":{"line":3,"column":50}},"2":{"start":{"line":3,"column":28},"end":{"line":3,"column":51}},"3":{"start":{"line":5,"column":0},"end":{"line":5,"column":19}}},"fnMap":{"0":{"name":"(anonymous_1)","decl":{"start":{"line":3,"column":22},"end":{"line":3,"column":28}},"loc":{"start":{"line":3,"column":22},"end":{"line":3,"column":50}}}},"branchMap":{},"s":{"0":1,"1":1,"2":1,"3":1},"f":{"0":1},"b":{}}
,"/Users/marina/work/Movie-app/src/Components/ButtonComponent/ButtonComponent.tsx": {"path":"/Users/marina/work/Movie-app/src/Components/ButtonComponent/ButtonComponent.tsx","statementMap":{"0":{"start":{"line":1,"column":0},"end":{"line":1,"column":26}},"1":{"start":{"line":2,"column":0},"end":{"line":2,"column":32}},"2":{"start":{"line":10,"column":48},"end":{"line":13,"column":null}},"3":{"start":{"line":11,"column":9},"end":{"line":11,"column":null}},"4":{"start":{"line":12,"column":10},"end":{"line":12,"column":null}},"5":{"start":{"line":13,"column":6},"end":{"line":20,"column":2}},"6":{"start":{"line":22,"column":0},"end":{"line":22,"column":31}}},"fnMap":{"0":{"name":"(anonymous_1)","decl":{"start":{"line":10,"column":48},"end":{"line":10,"column":49}},"loc":{"start":{"line":13,"column":1},"end":{"line":13,"column":null}}}},"branchMap":{},"s":{"0":1,"1":1,"2":1,"3":2,"4":2,"5":2,"6":1},"f":{"0":2},"b":{}}
}
